<?xml version="1.0" encoding="UTF-8"?>
<!-- Generated by org.testng.reporters.JUnitReportReporter -->
<testsuite hostname="LAPTOP-A9LN1SJK" failures="0" tests="5" name="test.TestClass1" time="45.702" errors="0" timestamp="2022-06-01T18:34:31 IST" skipped="0">
  <testcase classname="test.TestClass1" name="verifyTitle" time="11.934"/>
  <system-out/>
  <testcase classname="test.TestClass1" name="testC" time="7.476"/>
  <system-out/>
  <testcase classname="test.TestClass1" name="testA" time="16.387"/>
  <system-out/>
  <testcase classname="test.TestClass1" name="testB" time="5.272"/>
  <system-out/>
  <testcase classname="test.TestClass1" name="testD" time="4.633"/>
  <system-out/>
</testsuite> <!-- test.TestClass1 -->
